<?xml version="1.0" encoding="UTF-8"?>
<!-- Generated by org.testng.reporters.JUnitXMLReporter -->
<testsuite hostname="DESKTOP-4D5QAIQ" name="Default test" tests="1" failures="1" timestamp="26 Jan 2020 19:06:54 GMT" time="4.093" errors="0">
  <testcase name="checkValidUser" time="4.056" classname="com.test.UnDosTresTest">
    <failure type="org.openqa.selenium.SessionNotCreatedException" message="session not created: This version of ChromeDriver only supports Chrome version 76
Build info: version: &amp;apos;3.141.59&amp;apos;, revision: &amp;apos;e82be7d358&amp;apos;, time: &amp;apos;2018-11-14T08:25:53&amp;apos;
System info: host: &amp;apos;DESKTOP-4D5QAIQ&amp;apos;, ip: &amp;apos;192.168.0.2&amp;apos;, os.name: &amp;apos;Windows 10&amp;apos;, os.arch: &amp;apos;x86&amp;apos;, os.version: &amp;apos;10.0&amp;apos;, java.version: &amp;apos;1.8.0_241&amp;apos;
Driver info: driver.version: ChromeDriver
remote stacktrace: Backtrace:
	Ordinal0 [0x00307C53+1473619]
	Ordinal0 [0x0028AD71+961905]
	Ordinal0 [0x002142B3+475827]
	Ordinal0 [0x001AF365+62309]
	Ordinal0 [0x001ABC77+48247]
	Ordinal0 [0x001C9149+168265]
	Ordinal0 [0x001C8D1D+167197]
	Ordinal0 [0x001C742B+160811]
	Ordinal0 [0x001B0AE6+68326]
	Ordinal0 [0x001B1BF0+72688]
	Ordinal0 [0x001B1B89+72585]
	Ordinal0 [0x002A4B37+1067831]
	GetHandleVerifier [0x003A6845+506677]
	GetHandleVerifier [0x003A65E0+506064]
	GetHandleVerifier [0x003AD188+533624]
	GetHandleVerifier [0x003A701A+508682]
	Ordinal0 [0x0029C226+1032742]
	Ordinal0 [0x0029C09F+1032351]
	Ordinal0 [0x002A6A4B+1075787]
	Ordinal0 [0x002A6BB3+1076147]
	Ordinal0 [0x002A5B65+1071973]
	BaseThreadInitThunk [0x774C20F9+25]
	RtlExpandEnvironmentStrings [0x7756594B+523]
	RtlExpandEnvironmentStrings [0x7756591F+479]
">
      <![CDATA[org.openqa.selenium.SessionNotCreatedException: session not created: This version of ChromeDriver only supports Chrome version 76
Build info: version: '3.141.59', revision: 'e82be7d358', time: '2018-11-14T08:25:53'
System info: host: 'DESKTOP-4D5QAIQ', ip: '192.168.0.2', os.name: 'Windows 10', os.arch: 'x86', os.version: '10.0', java.version: '1.8.0_241'
Driver info: driver.version: ChromeDriver
remote stacktrace: Backtrace:
	Ordinal0 [0x00307C53+1473619]
	Ordinal0 [0x0028AD71+961905]
	Ordinal0 [0x002142B3+475827]
	Ordinal0 [0x001AF365+62309]
	Ordinal0 [0x001ABC77+48247]
	Ordinal0 [0x001C9149+168265]
	Ordinal0 [0x001C8D1D+167197]
	Ordinal0 [0x001C742B+160811]
	Ordinal0 [0x001B0AE6+68326]
	Ordinal0 [0x001B1BF0+72688]
	Ordinal0 [0x001B1B89+72585]
	Ordinal0 [0x002A4B37+1067831]
	GetHandleVerifier [0x003A6845+506677]
	GetHandleVerifier [0x003A65E0+506064]
	GetHandleVerifier [0x003AD188+533624]
	GetHandleVerifier [0x003A701A+508682]
	Ordinal0 [0x0029C226+1032742]
	Ordinal0 [0x0029C09F+1032351]
	Ordinal0 [0x002A6A4B+1075787]
	Ordinal0 [0x002A6BB3+1076147]
	Ordinal0 [0x002A5B65+1071973]
	BaseThreadInitThunk [0x774C20F9+25]
	RtlExpandEnvironmentStrings [0x7756594B+523]
	RtlExpandEnvironmentStrings [0x7756591F+479]

	at sun.reflect.NativeConstructorAccessorImpl.newInstance0(Native Method)
	at sun.reflect.NativeConstructorAccessorImpl.newInstance(Unknown Source)
	at sun.reflect.DelegatingConstructorAccessorImpl.newInstance(Unknown Source)
	at java.lang.reflect.Constructor.newInstance(Unknown Source)
	at org.openqa.selenium.remote.W3CHandshakeResponse.lambda$errorHandler$0(W3CHandshakeResponse.java:62)
	at org.openqa.selenium.remote.HandshakeResponse.lambda$getResponseFunction$0(HandshakeResponse.java:30)
	at org.openqa.selenium.remote.ProtocolHandshake.lambda$createSession$0(ProtocolHandshake.java:126)
	at java.util.stream.ReferencePipeline$3$1.accept(Unknown Source)
	at java.util.Spliterators$ArraySpliterator.tryAdvance(Unknown Source)
	at java.util.stream.ReferencePipeline.forEachWithCancel(Unknown Source)
	at java.util.stream.AbstractPipeline.copyIntoWithCancel(Unknown Source)
	at java.util.stream.AbstractPipeline.copyInto(Unknown Source)
	at java.util.stream.AbstractPipeline.wrapAndCopyInto(Unknown Source)
	at java.util.stream.FindOps$FindOp.evaluateSequential(Unknown Source)
	at java.util.stream.AbstractPipeline.evaluate(Unknown Source)
	at java.util.stream.ReferencePipeline.findFirst(Unknown Source)
	at org.openqa.selenium.remote.ProtocolHandshake.createSession(ProtocolHandshake.java:128)
	at org.openqa.selenium.remote.ProtocolHandshake.createSession(ProtocolHandshake.java:74)
	at org.openqa.selenium.remote.HttpCommandExecutor.execute(HttpCommandExecutor.java:136)
	at org.openqa.selenium.remote.service.DriverCommandExecutor.execute(DriverCommandExecutor.java:83)
	at org.openqa.selenium.remote.RemoteWebDriver.execute(RemoteWebDriver.java:552)
	at org.openqa.selenium.remote.RemoteWebDriver.startSession(RemoteWebDriver.java:213)
	at org.openqa.selenium.remote.RemoteWebDriver.<init>(RemoteWebDriver.java:131)
	at org.openqa.selenium.chrome.ChromeDriver.<init>(ChromeDriver.java:181)
	at org.openqa.selenium.chrome.ChromeDriver.<init>(ChromeDriver.java:168)
	at org.openqa.selenium.chrome.ChromeDriver.<init>(ChromeDriver.java:123)
	at com.test.UnDosTresUtility.startBrowser(UnDosTresUtility.java:30)
	at com.test.UnDosTresTest.checkValidUser(UnDosTresTest.java:23)
	at sun.reflect.NativeMethodAccessorImpl.invoke0(Native Method)
	at sun.reflect.NativeMethodAccessorImpl.invoke(Unknown Source)
	at sun.reflect.DelegatingMethodAccessorImpl.invoke(Unknown Source)
	at java.lang.reflect.Method.invoke(Unknown Source)
	at org.testng.internal.MethodInvocationHelper.invokeMethod(MethodInvocationHelper.java:86)
	at org.testng.internal.Invoker.invokeMethod(Invoker.java:646)
	at org.testng.internal.Invoker.invokeTestMethod(Invoker.java:823)
	at org.testng.internal.Invoker.invokeTestMethods(Invoker.java:1131)
	at org.testng.internal.TestMethodWorker.invokeTestMethods(TestMethodWorker.java:129)
	at org.testng.internal.TestMethodWorker.run(TestMethodWorker.java:112)
	at org.testng.TestRunner.privateRun(TestRunner.java:778)
	at org.testng.TestRunner.run(TestRunner.java:632)
	at org.testng.SuiteRunner.runTest(SuiteRunner.java:366)
	at org.testng.SuiteRunner.runSequentially(SuiteRunner.java:361)
	at org.testng.SuiteRunner.privateRun(SuiteRunner.java:319)
	at org.testng.SuiteRunner.run(SuiteRunner.java:268)
	at org.testng.SuiteRunnerWorker.runSuite(SuiteRunnerWorker.java:52)
	at org.testng.SuiteRunnerWorker.run(SuiteRunnerWorker.java:86)
	at org.testng.TestNG.runSuitesSequentially(TestNG.java:1225)
	at org.testng.TestNG.runSuitesLocally(TestNG.java:1150)
	at org.testng.TestNG.runSuites(TestNG.java:1075)
	at org.testng.TestNG.run(TestNG.java:1047)
	at org.testng.remote.AbstractRemoteTestNG.run(AbstractRemoteTestNG.java:126)
	at org.testng.remote.RemoteTestNG.initAndRun(RemoteTestNG.java:137)
	at org.testng.remote.RemoteTestNG.main(RemoteTestNG.java:58)
]]>
    </failure>
  </testcase> <!-- checkValidUser -->
</testsuite> <!-- Default test -->
